#
# There is insufficient memory for the Java Runtime Environment to continue.
# Native memory allocation (mmap) failed to map 6291456 bytes for Failed to commit area from 0x0000000082300000 to 0x0000000082900000 of length 6291456.
# Possible reasons:
#   The system is out of physical RAM or swap space
#   The process is running with CompressedOops enabled, and the Java Heap may be blocking the growth of the native heap
# Possible solutions:
#   Reduce memory load on the system
#   Increase physical memory or swap space
#   Check if swap backing store is full
#   Decrease Java heap size (-Xmx/-Xms)
#   Decrease number of Java threads
#   Decrease Java thread stack sizes (-Xss)
#   Set larger code cache with -XX:ReservedCodeCacheSize=
#   JVM is running with Unscaled Compressed Oops mode in which the Java heap is
#     placed in the first 4GB address space. The Java Heap base address is the
#     maximum limit for the native heap growth. Please use -XX:HeapBaseMinAddress
#     to set the Java Heap base and to place the Java Heap above 4GB virtual address.
# This output file may be truncated or incomplete.
#
#  Out of Memory Error (./open/src/hotspot/os/windows/os_windows.cpp:3315), pid=12088, tid=7304
#
# JRE version: Java(TM) SE Runtime Environment (14.0.2+12) (build 14.0.2+12-46)
# Java VM: Java HotSpot(TM) 64-Bit Server VM (14.0.2+12-46, mixed mode, sharing, tiered, compressed oops, g1 gc, windows-amd64)
# No core dump will be written. Minidumps are not enabled by default on client versions of Windows
#

---------------  S U M M A R Y ------------

Command Line: -Dapplication.home=C:\Program Files\Java\jdk-14.0.2 --add-modules=ALL-DEFAULT -Xms8m -Djdk.module.main=jdk.compiler jdk.compiler/com.sun.tools.javac.Main -d C:\Users\ESTEBAN\Documents\NetBeansProjects\Guia3\build\classes -classpath C:\Users\ESTEBAN\Documents\NetBeansProjects\Guia3\build\classes -sourcepath C:\Users\ESTEBAN\Documents\NetBeansProjects\Guia3\src -target 14 -encoding UTF-8 -g -processorpath C:\Users\ESTEBAN\Documents\NetBeansProjects\Guia3\build\empty -s C:\Users\ESTEBAN\Documents\NetBeansProjects\Guia3\build\generated-sources\ap-source-output -source 14 C:\Users\ESTEBAN\Documents\NetBeansProjects\Guia3\src\guia3\Guia3.java

Host: Intel(R) Core(TM) i7-8550U CPU @ 1.80GHz, 8 cores, 7G,  Windows 10 , 64 bit Build 18362 (10.0.18362.959)
Time: Sun Aug 30 21:41:30 2020 Hora est. Pacífico, Sudamérica elapsed time: 0 seconds (0d 0h 0m 0s)

---------------  T H R E A D  ---------------

Current thread (0x000001ec6f306000):  VMThread "VM Thread" [stack: 0x000000280c300000,0x000000280c400000] [id=7304]

Stack: [0x000000280c300000,0x000000280c400000]
[error occurred during error reporting (printing stack bounds), id 0xc0000005, EXCEPTION_ACCESS_VIOLATION (0xc0000005) at pc=0x000001ec58ab10ad]

Native frames: (J=compiled Java code, j=interpreted, Vv=VM code, C=native code)
V  [jvm.dll+0x5f8a9a]
V  [jvm.dll+0x74247a]
V  [jvm.dll+0x743c2f]
V  [jvm.dll+0x7441d5]
V  [jvm.dll+0x74418b]
V  [jvm.dll+0x5f7f6f]
V  [jvm.dll+0x5f8738]
C  [ntdll.dll+0xa11cf]
C  [ntdll.dll+0x6a209]
C  [ntdll.dll+0x9fe3e]
C  0x000001ec58ab10ad

VM_Operation (0x000000280bdfd680): G1CollectForAllocation, mode: safepoint, requested by thread 0x000001ec50310000


---------------  P R O C E S S  ---------------

Threads class SMR info:
_java_thread_list=0x000001ec7019b180, length=13, elements={
0x000001ec50310000, 0x000001ec6f309800, 0x000001ec6f30b000, 0x000001ec6f324800,
0x000001ec6f327800, 0x000001ec6f328800, 0x000001ec6f32f000, 0x000001ec6f333000,
0x000001ec6f33f800, 0x000001ec6fd24800, 0x000001ec6fd89000, 0x000001ec6fe0b800,
0x000001ec70393000
}

Java Threads: ( => current thread )
  0x000001ec50310000 JavaThread "main" [_thread_blocked, id=10296, stack(0x000000280bd00000,0x000000280be00000)]
  0x000001ec6f309800 JavaThread "Reference Handler" daemon [_thread_blocked, id=4800, stack(0x000000280c400000,0x000000280c500000)]
  0x000001ec6f30b000 JavaThread "Finalizer" daemon [_thread_blocked, id=11528, stack(0x000000280c500000,0x000000280c600000)]
  0x000001ec6f324800 JavaThread "Signal Dispatcher" daemon [_thread_blocked, id=7124, stack(0x000000280c600000,0x000000280c700000)]
  0x000001ec6f327800 JavaThread "Attach Listener" daemon [_thread_blocked, id=5844, stack(0x000000280c700000,0x000000280c800000)]
  0x000001ec6f328800 JavaThread "Service Thread" daemon [_thread_blocked, id=9088, stack(0x000000280c800000,0x000000280c900000)]
  0x000001ec6f32f000 JavaThread "C2 CompilerThread0" daemon [_thread_blocked, id=10704, stack(0x000000280c900000,0x000000280ca00000)]
  0x000001ec6f333000 JavaThread "C1 CompilerThread0" daemon [_thread_blocked, id=9972, stack(0x000000280ca00000,0x000000280cb00000)]
  0x000001ec6f33f800 JavaThread "Sweeper thread" daemon [_thread_blocked, id=5748, stack(0x000000280cb00000,0x000000280cc00000)]
  0x000001ec6fd24800 JavaThread "Common-Cleaner" daemon [_thread_blocked, id=10108, stack(0x000000280cc00000,0x000000280cd00000)]
  0x000001ec6fd89000 JavaThread "C2 CompilerThread1" daemon [_thread_blocked, id=6888, stack(0x000000280cd00000,0x000000280ce00000)]
  0x000001ec6fe0b800 JavaThread "Notification Thread" daemon [_thread_blocked, id=4272, stack(0x000000280ce00000,0x000000280cf00000)]
  0x000001ec70393000 JavaThread "C2 CompilerThread2" daemon [_thread_blocked, id=7112, stack(0x000000280d100000,0x000000280d200000)]

Other Threads:
=>0x000001ec6f306000 VMThread "VM Thread" [stack: 0x000000280c300000,0x000000280c400000] [id=7304]
  0x000001ec6fe1e800 WatcherThread [stack: 0x000000280cf00000,0x000000280d000000] [id=9944]
  0x000001ec50352000 GCTaskThread "GC Thread#0" [stack: 0x000000280be00000,0x000000280bf00000] [id=3732]
  0x000001ec6ff97800 GCTaskThread "GC Thread#1" [stack: 0x000000280d000000,0x000000280d100000] [id=8876]
  0x000001ec50364800 ConcurrentGCThread "G1 Main Marker" [stack: 0x000000280bf00000,0x000000280c000000] [id=1996]
  0x000001ec50366000 ConcurrentGCThread "G1 Conc#0" [stack: 0x000000280c000000,0x000000280c100000] [id=5068]
  0x000001ec50394800 ConcurrentGCThread "G1 Refine#0" [stack: 0x000000280c100000,0x000000280c200000] [id=2324]
  0x000001ec50395800 ConcurrentGCThread "G1 Young RemSet Sampling" [stack: 0x000000280c200000,0x000000280c300000] [id=8288]

Threads with active compile tasks:
C2 CompilerThread0      413  900       4       java.lang.StringLatin1::indexOf (121 bytes)
C1 CompilerThread0      413  921       3       java.util.regex.Pattern::newSlice (181 bytes)
C2 CompilerThread1      413  899       4       jdk.internal.jrtfs.JrtPath::normalize (97 bytes)
C2 CompilerThread2      413  889       4       jdk.internal.jimage.ImageLocation::getAttributeString (54 bytes)

VM state:at safepoint (normal execution)

VM Mutex/Monitor currently owned by a thread:  ([mutex/lock_event])
[0x000001ec5030c070] Threads_lock - owner thread: 0x000001ec6f306000
[0x000001ec5030d420] Heap_lock - owner thread: 0x000001ec50310000

Heap address: 0x0000000081800000, size: 2024 MB, Compressed Oops mode: 32-bit
Narrow klass base: 0x0000000800000000, Narrow klass shift: 3
Compressed class space size: 1073741824 Address: 0x0000000800b30000

Heap:
 garbage-first heap   total 17408K, used 3908K [0x0000000081800000, 0x0000000100000000)
  region size 1024K, 1 young (1024K), 1 survivors (1024K)
 Metaspace       used 8341K, capacity 11316K, committed 11392K, reserved 1058816K
  class space    used 1012K, capacity 1336K, committed 1408K, reserved 1048576K
Heap Regions: E=young(eden), S=young(survivor), O=old, HS=humongous(starts), HC=humongous(continues), CS=collection set, F=free, OA=open archive, CA=closed archive, TAMS=top-at-mark-start (previous, next)
|   0|0x0000000081800000, 0x0000000081900000, 0x0000000081900000|100%| O|  |TAMS 0x0000000081800000, 0x0000000081800000| Untracked 
|   1|0x0000000081900000, 0x0000000081a00000, 0x0000000081a00000|100%| O|  |TAMS 0x0000000081900000, 0x0000000081900000| Untracked 
|   2|0x0000000081a00000, 0x0000000081b00000, 0x0000000081b00000|100%| O|  |TAMS 0x0000000081a00000, 0x0000000081a00000| Untracked 
|   3|0x0000000081b00000, 0x0000000081b4de00, 0x0000000081c00000| 30%| O|  |TAMS 0x0000000081b00000, 0x0000000081b00000| Untracked 
|   4|0x0000000081c00000, 0x0000000081c00000, 0x0000000081d00000|  0%| F|  |TAMS 0x0000000081c00000, 0x0000000081c00000| Untracked 
|   5|0x0000000081d00000, 0x0000000081d00000, 0x0000000081e00000|  0%| F|  |TAMS 0x0000000081d00000, 0x0000000081d00000| Untracked 
|   6|0x0000000081e00000, 0x0000000081e00000, 0x0000000081f00000|  0%| F|  |TAMS 0x0000000081e00000, 0x0000000081e00000| Untracked 
|   7|0x0000000081f00000, 0x0000000081f00000, 0x0000000082000000|  0%| F|  |TAMS 0x0000000081f00000, 0x0000000081f00000| Untracked 
|   8|0x0000000082000000, 0x00000000820834c0, 0x0000000082100000| 51%| S|CS|TAMS 0x0000000082000000, 0x0000000082000000| Complete 
|   9|0x0000000082100000, 0x0000000082100000, 0x0000000082200000|  0%| F|  |TAMS 0x0000000082100000, 0x0000000082100000| Untracked 
|  10|0x0000000082200000, 0x0000000082200000, 0x0000000082300000|  0%| F|  |TAMS 0x0000000082200000, 0x0000000082200000| Untracked 

Card table byte_map: [0x000001ec681f0000,0x000001ec685f0000] _byte_map_base: 0x000001ec67de4000

Marking Bits (Prev, Next): (CMBitMap*) 0x000001ec50353e68, (CMBitMap*) 0x000001ec50353ea8
 Prev Bits: [0x000001ec689f0000, 0x000001ec6a990000)
 Next Bits: [0x000001ec6a990000, 0x000001ec6c930000)

Polling page: 0x000001ec4e1b0000

Metaspace:

Usage:
  Non-class:      9.75 MB capacity,     7.16 MB ( 73%) used,     2.57 MB ( 26%) free+waste,    24.31 KB ( <1%) overhead. 
      Class:      1.30 MB capacity,  1012.78 KB ( 76%) used,   310.66 KB ( 23%) free+waste,    12.56 KB ( <1%) overhead. 
       Both:     11.05 MB capacity,     8.15 MB ( 74%) used,     2.87 MB ( 26%) free+waste,    36.88 KB ( <1%) overhead. 

Virtual space:
  Non-class space:       10.00 MB reserved,       9.75 MB ( 98%) committed 
      Class space:        1.00 GB reserved,       1.38 MB ( <1%) committed 
             Both:        1.01 GB reserved,      11.13 MB (  1%) committed 

Chunk freelists:
   Non-Class:  4.00 KB
       Class:  0 bytes
        Both:  4.00 KB

MaxMetaspaceSize: 17179869184.00 GB
CompressedClassSpaceSize: 1.00 GB

CodeHeap 'non-profiled nmethods': size=120000Kb used=323Kb max_used=323Kb free=119676Kb
 bounds [0x000001ec60580000, 0x000001ec607f0000, 0x000001ec67ab0000]
CodeHeap 'profiled nmethods': size=120000Kb used=1589Kb max_used=1589Kb free=118410Kb
 bounds [0x000001ec59050000, 0x000001ec592c0000, 0x000001ec60580000]
CodeHeap 'non-nmethods': size=5760Kb used=1142Kb max_used=1176Kb free=4617Kb
 bounds [0x000001ec58ab0000, 0x000001ec58d20000, 0x000001ec59050000]
 total_blobs=1290 nmethods=901 adapters=302
 compilation: enabled
              stopped_count=0, restarted_count=0
 full_count=0

Compilation events (20 events):
Event: 0.396 Thread 0x000001ec6f333000 nmethod 896 0x000001ec591d7b90 code [0x000001ec591d7d40, 0x000001ec591d7f28]
Event: 0.396 Thread 0x000001ec6f333000  897       3       com.sun.tools.javac.file.RelativePath::<init> (10 bytes)
Event: 0.396 Thread 0x000001ec6f333000 nmethod 897 0x000001ec591d8010 code [0x000001ec591d81a0, 0x000001ec591d8378]
Event: 0.396 Thread 0x000001ec6f333000  801       3       java.lang.ref.ReferenceQueue::reallyPoll (65 bytes)
Event: 0.397 Thread 0x000001ec6f333000 nmethod 801 0x000001ec591d8410 code [0x000001ec591d85e0, 0x000001ec591d8b18]
Event: 0.397 Thread 0x000001ec6f333000  903       3       java.util.regex.Pattern::compile (10 bytes)
Event: 0.397 Thread 0x000001ec6f333000 nmethod 903 0x000001ec591d8c10 code [0x000001ec591d8dc0, 0x000001ec591d8f68]
Event: 0.397 Thread 0x000001ec6f333000  901       3       com.sun.tools.javac.file.JavacFileManager::isValidFile (13 bytes)
Event: 0.397 Thread 0x000001ec6f333000 nmethod 901 0x000001ec591d9010 code [0x000001ec591d91c0, 0x000001ec591d93f8]
Event: 0.397 Thread 0x000001ec6f333000  902       3       com.sun.tools.javac.file.RelativePath$RelativeFile::<init> (26 bytes)
Event: 0.398 Thread 0x000001ec6f333000 nmethod 902 0x000001ec591d9510 code [0x000001ec591d97c0, 0x000001ec591da4a8]
Event: 0.398 Thread 0x000001ec6f333000  910       3       javax.lang.model.SourceVersion::isIdentifier (71 bytes)
Event: 0.398 Thread 0x000001ec6f333000 nmethod 910 0x000001ec591da990 code [0x000001ec591dac00, 0x000001ec591db5e8]
Event: 0.398 Thread 0x000001ec6f333000  904   !   3       java.util.regex.Pattern::<init> (144 bytes)
Event: 0.398 Thread 0x000001ec6f32f000 nmethod 840 0x000001ec605cdf90 code [0x000001ec605ce260, 0x000001ec605cf338]
Event: 0.399 Thread 0x000001ec6fd89000 nmethod 887 0x000001ec605cff10 code [0x000001ec605d01a0, 0x000001ec605d09f8]
Event: 0.399 Thread 0x000001ec6f32f000  900       4       java.lang.StringLatin1::indexOf (121 bytes)
Event: 0.399 Thread 0x000001ec6fd89000  899       4       jdk.internal.jrtfs.JrtPath::normalize (97 bytes)
Event: 0.399 Thread 0x000001ec6f333000 nmethod 904 0x000001ec591db990 code [0x000001ec591dbcc0, 0x000001ec591dd0b8]
Event: 0.399 Thread 0x000001ec6f333000  921       3       java.util.regex.Pattern::newSlice (181 bytes)

GC Heap History (17 events):
Event: 0.157 GC heap before
{Heap before GC invocations=0 (full 0):
 garbage-first heap   total 8192K, used 3072K [0x0000000081800000, 0x0000000100000000)
  region size 1024K, 3 young (3072K), 0 survivors (0K)
 Metaspace       used 2667K, capacity 6337K, committed 6400K, reserved 1056768K
  class space    used 362K, capacity 716K, committed 768K, reserved 1048576K
}
Event: 0.160 GC heap after
{Heap after GC invocations=1 (full 0):
 garbage-first heap   total 8192K, used 1153K [0x0000000081800000, 0x0000000100000000)
  region size 1024K, 1 young (1024K), 1 survivors (1024K)
 Metaspace       used 2667K, capacity 6337K, committed 6400K, reserved 1056768K
  class space    used 362K, capacity 716K, committed 768K, reserved 1048576K
}
Event: 0.210 GC heap before
{Heap before GC invocations=1 (full 0):
 garbage-first heap   total 8192K, used 2177K [0x0000000081800000, 0x0000000100000000)
  region size 1024K, 2 young (2048K), 1 survivors (1024K)
 Metaspace       used 4400K, capacity 8023K, committed 8192K, reserved 1056768K
  class space    used 576K, capacity 916K, committed 1024K, reserved 1048576K
}
Event: 0.212 GC heap after
{Heap after GC invocations=2 (full 0):
 garbage-first heap   total 8192K, used 1771K [0x0000000081800000, 0x0000000100000000)
  region size 1024K, 1 young (1024K), 1 survivors (1024K)
 Metaspace       used 4400K, capacity 8023K, committed 8192K, reserved 1056768K
  class space    used 576K, capacity 916K, committed 1024K, reserved 1048576K
}
Event: 0.256 GC heap before
{Heap before GC invocations=2 (full 0):
 garbage-first heap   total 8192K, used 2795K [0x0000000081800000, 0x0000000100000000)
  region size 1024K, 2 young (2048K), 1 survivors (1024K)
 Metaspace       used 5951K, capacity 9607K, committed 9856K, reserved 1058816K
  class space    used 736K, capacity 1106K, committed 1152K, reserved 1048576K
}
Event: 0.257 GC heap after
{Heap after GC invocations=3 (full 0):
 garbage-first heap   total 8192K, used 2044K [0x0000000081800000, 0x0000000100000000)
  region size 1024K, 1 young (1024K), 1 survivors (1024K)
 Metaspace       used 5951K, capacity 9607K, committed 9856K, reserved 1058816K
  class space    used 736K, capacity 1106K, committed 1152K, reserved 1048576K
}
Event: 0.308 GC heap before
{Heap before GC invocations=3 (full 0):
 garbage-first heap   total 8192K, used 3068K [0x0000000081800000, 0x0000000100000000)
  region size 1024K, 2 young (2048K), 1 survivors (1024K)
 Metaspace       used 7628K, capacity 10931K, committed 11008K, reserved 1058816K
  class space    used 931K, capacity 1249K, committed 1280K, reserved 1048576K
}
Event: 0.311 GC heap after
{Heap after GC invocations=4 (full 0):
 garbage-first heap   total 8192K, used 2382K [0x0000000081800000, 0x0000000100000000)
  region size 1024K, 1 young (1024K), 1 survivors (1024K)
 Metaspace       used 7628K, capacity 10931K, committed 11008K, reserved 1058816K
  class space    used 931K, capacity 1249K, committed 1280K, reserved 1048576K
}
Event: 0.330 GC heap before
{Heap before GC invocations=4 (full 0):
 garbage-first heap   total 8192K, used 3406K [0x0000000081800000, 0x0000000100000000)
  region size 1024K, 2 young (2048K), 1 survivors (1024K)
 Metaspace       used 7906K, capacity 11076K, committed 11392K, reserved 1058816K
  class space    used 962K, capacity 1298K, committed 1408K, reserved 1048576K
}
Event: 0.333 GC heap after
{Heap after GC invocations=5 (full 0):
 garbage-first heap   total 11264K, used 2605K [0x0000000081800000, 0x0000000100000000)
  region size 1024K, 1 young (1024K), 1 survivors (1024K)
 Metaspace       used 7906K, capacity 11076K, committed 11392K, reserved 1058816K
  class space    used 962K, capacity 1298K, committed 1408K, reserved 1048576K
}
Event: 0.364 GC heap before
{Heap before GC invocations=5 (full 0):
 garbage-first heap   total 11264K, used 4653K [0x0000000081800000, 0x0000000100000000)
  region size 1024K, 3 young (3072K), 1 survivors (1024K)
 Metaspace       used 8205K, capacity 11300K, committed 11392K, reserved 1058816K
  class space    used 1006K, capacity 1331K, committed 1408K, reserved 1048576K
}
Event: 0.367 GC heap after
{Heap after GC invocations=6 (full 0):
 garbage-first heap   total 11264K, used 3395K [0x0000000081800000, 0x0000000100000000)
  region size 1024K, 1 young (1024K), 1 survivors (1024K)
 Metaspace       used 8205K, capacity 11300K, committed 11392K, reserved 1058816K
  class space    used 1006K, capacity 1331K, committed 1408K, reserved 1048576K
}
Event: 0.374 GC heap before
{Heap before GC invocations=6 (full 0):
 garbage-first heap   total 11264K, used 5443K [0x0000000081800000, 0x0000000100000000)
  region size 1024K, 3 young (3072K), 1 survivors (1024K)
 Metaspace       used 8236K, capacity 11300K, committed 11392K, reserved 1058816K
  class space    used 1006K, capacity 1331K, committed 1408K, reserved 1048576K
}
Event: 0.376 GC heap after
{Heap after GC invocations=7 (full 0):
 garbage-first heap   total 11264K, used 3811K [0x0000000081800000, 0x0000000100000000)
  region size 1024K, 1 young (1024K), 1 survivors (1024K)
 Metaspace       used 8236K, capacity 11300K, committed 11392K, reserved 1058816K
  class space    used 1006K, capacity 1331K, committed 1408K, reserved 1048576K
}
Event: 0.392 GC heap before
{Heap before GC invocations=7 (full 0):
 garbage-first heap   total 11264K, used 4835K [0x0000000081800000, 0x0000000100000000)
  region size 1024K, 2 young (2048K), 1 survivors (1024K)
 Metaspace       used 8325K, capacity 11309K, committed 11392K, reserved 1058816K
  class space    used 1011K, capacity 1334K, committed 1408K, reserved 1048576K
}
Event: 0.393 GC heap after
{Heap after GC invocations=8 (full 0):
 garbage-first heap   total 11264K, used 3759K [0x0000000081800000, 0x0000000100000000)
  region size 1024K, 1 young (1024K), 1 survivors (1024K)
 Metaspace       used 8325K, capacity 11309K, committed 11392K, reserved 1058816K
  class space    used 1011K, capacity 1334K, committed 1408K, reserved 1048576K
}
Event: 0.399 GC heap before
{Heap before GC invocations=8 (full 0):
 garbage-first heap   total 11264K, used 4783K [0x0000000081800000, 0x0000000100000000)
  region size 1024K, 2 young (2048K), 1 survivors (1024K)
 Metaspace       used 8341K, capacity 11316K, committed 11392K, reserved 1058816K
  class space    used 1012K, capacity 1336K, committed 1408K, reserved 1048576K
}

Deoptimization events (20 events):
Event: 0.110 Thread 0x000001ec50310000 Uncommon trap: trap_request=0xffffff45 fr.pc=0x000001ec605945d4 relative=0x0000000000000974
Event: 0.110 Thread 0x000001ec50310000 Uncommon trap: reason=unstable_if action=reinterpret pc=0x000001ec605945d4 method=java.util.HashMap.putVal(ILjava/lang/Object;Ljava/lang/Object;ZZ)Ljava/lang/Object; @ 181 c2
Event: 0.110 Thread 0x000001ec50310000 DEOPT PACKING pc=0x000001ec605945d4 sp=0x000000280bdfeb20
Event: 0.110 Thread 0x000001ec50310000 DEOPT UNPACKING pc=0x000001ec58af912f sp=0x000000280bdfeac0 mode 2
Event: 0.246 Thread 0x000001ec50310000 Uncommon trap: trap_request=0xffffff45 fr.pc=0x000001ec605a7dc4 relative=0x0000000000000484
Event: 0.246 Thread 0x000001ec50310000 Uncommon trap: reason=unstable_if action=reinterpret pc=0x000001ec605a7dc4 method=java.lang.StringLatin1.replace([BCC)Ljava/lang/String; @ 19 c2
Event: 0.246 Thread 0x000001ec50310000 DEOPT PACKING pc=0x000001ec605a7dc4 sp=0x000000280bdfd230
Event: 0.246 Thread 0x000001ec50310000 DEOPT UNPACKING pc=0x000001ec58af912f sp=0x000000280bdfd1b0 mode 2
Event: 0.271 Thread 0x000001ec50310000 Uncommon trap: trap_request=0xffffff45 fr.pc=0x000001ec6058ff10 relative=0x0000000000000070
Event: 0.271 Thread 0x000001ec50310000 Uncommon trap: reason=unstable_if action=reinterpret pc=0x000001ec6058ff10 method=java.nio.Buffer.hasRemaining()Z @ 8 c2
Event: 0.271 Thread 0x000001ec50310000 DEOPT PACKING pc=0x000001ec6058ff10 sp=0x000000280bdfe200
Event: 0.271 Thread 0x000001ec50310000 DEOPT UNPACKING pc=0x000001ec58af912f sp=0x000000280bdfe198 mode 2
Event: 0.289 Thread 0x000001ec50310000 Uncommon trap: trap_request=0xffffff45 fr.pc=0x000001ec605a8834 relative=0x00000000000002f4
Event: 0.289 Thread 0x000001ec50310000 Uncommon trap: reason=unstable_if action=reinterpret pc=0x000001ec605a8834 method=java.lang.String.regionMatches(ILjava/lang/String;II)Z @ 32 c2
Event: 0.289 Thread 0x000001ec50310000 DEOPT PACKING pc=0x000001ec605a8834 sp=0x000000280bdfe520
Event: 0.289 Thread 0x000001ec50310000 DEOPT UNPACKING pc=0x000001ec58af912f sp=0x000000280bdfe4a0 mode 2
Event: 0.364 Thread 0x000001ec50310000 Uncommon trap: trap_request=0xffffffde fr.pc=0x000001ec605ba31c relative=0x00000000000004dc
Event: 0.364 Thread 0x000001ec50310000 Uncommon trap: reason=class_check action=maybe_recompile pc=0x000001ec605ba31c method=java.util.HashMap.getNode(ILjava/lang/Object;)Ljava/util/HashMap$Node; @ 126 c2
Event: 0.364 Thread 0x000001ec50310000 DEOPT PACKING pc=0x000001ec605ba31c sp=0x000000280bdfe150
Event: 0.364 Thread 0x000001ec50310000 DEOPT UNPACKING pc=0x000001ec58af912f sp=0x000000280bdfe0c8 mode 2

Classes unloaded (0 events):
No events

Classes redefined (0 events):
No events

Internal exceptions (20 events):
Event: 0.199 Thread 0x000001ec50310000 Exception <a 'java/lang/NoSuchMethodError'{0x0000000081fdaa58}: 'int java.lang.invoke.DirectMethodHandle$Holder.invokeStaticInit(java.lang.Object, java.lang.Object)'> (0x0000000081fdaa58) 
thrown [./open/src/hotspot/share/interpreter/linkResolver.cpp, line 766]
Event: 0.243 Thread 0x000001ec50310000 Exception <a 'java/lang/NoSuchMethodError'{0x0000000081fa2ce8}: 'int java.lang.invoke.DirectMethodHandle$Holder.invokeVirtual(java.lang.Object, java.lang.Object)'> (0x0000000081fa2ce8) 
thrown [./open/src/hotspot/share/interpreter/linkResolver.cpp, line 766]
Event: 0.248 Thread 0x000001ec50310000 Exception <a 'java/lang/NoSuchMethodError'{0x0000000081fd1bf0}: 'java.lang.Object java.lang.invoke.Invokers$Holder.linkToTargetMethod(java.lang.Object, java.lang.Object, java.lang.Object, java.lang.Object, java.lang.Object, java.lang.Object)'> (0x0000000081fd1bf0) 
thrown [./open/src/hotspot/share/interpreter/linkResolver.cpp, line 766]
Event: 0.264 Thread 0x000001ec50310000 Exception <a 'sun/nio/fs/WindowsException'{0x0000000081f24230}> (0x0000000081f24230) 
thrown [./open/src/hotspot/share/prims/jni.cpp, line 599]
Event: 0.264 Thread 0x000001ec50310000 Exception <a 'sun/nio/fs/WindowsException'{0x0000000081f24470}> (0x0000000081f24470) 
thrown [./open/src/hotspot/share/prims/jni.cpp, line 599]
Event: 0.312 Thread 0x000001ec50310000 Exception <a 'sun/nio/fs/WindowsException'{0x0000000081f0c5c0}> (0x0000000081f0c5c0) 
thrown [./open/src/hotspot/share/prims/jni.cpp, line 599]
Event: 0.312 Thread 0x000001ec50310000 Exception <a 'sun/nio/fs/WindowsException'{0x0000000081f0c890}> (0x0000000081f0c890) 
thrown [./open/src/hotspot/share/prims/jni.cpp, line 599]
Event: 0.312 Thread 0x000001ec50310000 Exception <a 'sun/nio/fs/WindowsException'{0x0000000081f0d4b0}> (0x0000000081f0d4b0) 
thrown [./open/src/hotspot/share/prims/jni.cpp, line 599]
Event: 0.312 Thread 0x000001ec50310000 Exception <a 'sun/nio/fs/WindowsException'{0x0000000081f0d7d0}> (0x0000000081f0d7d0) 
thrown [./open/src/hotspot/share/prims/jni.cpp, line 599]
Event: 0.328 Thread 0x000001ec50310000 Exception <a 'java/lang/NoSuchMethodError'{0x0000000081fe4d18}: 'int java.lang.invoke.DirectMethodHandle$Holder.invokeSpecial(java.lang.Object, java.lang.Object, java.lang.Object, java.lang.Object)'> (0x0000000081fe4d18) 
thrown [./open/src/hotspot/share/interpreter/linkResolver.cpp, line 766]
Event: 0.330 Thread 0x000001ec50310000 Exception <a 'java/lang/NoSuchMethodError'{0x0000000081ff63e8}: 'java.lang.Object java.lang.invoke.DirectMethodHandle$Holder.invokeVirtual(java.lang.Object, java.lang.Object, java.lang.Object, int, int)'> (0x0000000081ff63e8) 
thrown [./open/src/hotspot/share/interpreter/linkResolver.cpp, line 766]
Event: 0.330 Thread 0x000001ec50310000 Exception <a 'java/lang/NoSuchMethodError'{0x0000000081ffc868}: 'java.lang.Object java.lang.invoke.DirectMethodHandle$Holder.invokeVirtual(java.lang.Object, java.lang.Object, int)'> (0x0000000081ffc868) 
thrown [./open/src/hotspot/share/interpreter/linkResolver.cpp, line 766]
Event: 0.334 Thread 0x000001ec50310000 Exception <a 'java/lang/NoSuchMethodError'{0x0000000082202dd8}: 'java.lang.Object java.lang.invoke.DirectMethodHandle$Holder.invokeSpecial(java.lang.Object, java.lang.Object, java.lang.Object, int, int)'> (0x0000000082202dd8) 
thrown [./open/src/hotspot/share/interpreter/linkResolver.cpp, line 766]
Event: 0.356 Thread 0x000001ec50310000 Exception <a 'sun/nio/fs/WindowsException'{0x0000000082199038}> (0x0000000082199038) 
thrown [./open/src/hotspot/share/prims/jni.cpp, line 599]
Event: 0.359 Thread 0x000001ec50310000 Exception <a 'sun/nio/fs/WindowsException'{0x00000000821ac230}> (0x00000000821ac230) 
thrown [./open/src/hotspot/share/prims/jni.cpp, line 599]
Event: 0.362 Thread 0x000001ec50310000 Exception <a 'java/lang/NoSuchMethodError'{0x00000000821ba808}: 'int java.lang.invoke.DirectMethodHandle$Holder.invokeSpecial(java.lang.Object, java.lang.Object, java.lang.Object, java.lang.Object, java.lang.Object)'> (0x00000000821ba808) 
thrown [./open/src/hotspot/share/interpreter/linkResolver.cpp, line 766]
Event: 0.391 Thread 0x000001ec50310000 Exception <a 'sun/nio/fs/WindowsException'{0x00000000822fbc58}> (0x00000000822fbc58) 
thrown [./open/src/hotspot/share/prims/jni.cpp, line 599]
Event: 0.391 Thread 0x000001ec50310000 Exception <a 'sun/nio/fs/WindowsException'{0x00000000822fbf28}> (0x00000000822fbf28) 
thrown [./open/src/hotspot/share/prims/jni.cpp, line 599]
Event: 0.391 Thread 0x000001ec50310000 Exception <a 'sun/nio/fs/WindowsException'{0x00000000822fd1c0}> (0x00000000822fd1c0) 
thrown [./open/src/hotspot/share/prims/jni.cpp, line 599]
Event: 0.392 Thread 0x000001ec50310000 Exception <a 'sun/nio/fs/WindowsException'{0x00000000822fd450}> (0x00000000822fd450) 
thrown [./open/src/hotspot/share/prims/jni.cpp, line 599]

Events (20 events):
Event: 0.354 loading class java/util/RegularEnumSet$EnumSetIterator
Event: 0.354 loading class java/util/RegularEnumSet$EnumSetIterator done
Event: 0.356 loading class java/nio/file/Files$AcceptAllFilter
Event: 0.357 loading class java/nio/file/Files$AcceptAllFilter done
Event: 0.357 loading class sun/nio/fs/WindowsDirectoryStream$WindowsDirectoryIterator
Event: 0.357 loading class sun/nio/fs/WindowsDirectoryStream$WindowsDirectoryIterator done
Event: 0.357 loading class java/nio/file/Files$2
Event: 0.357 loading class java/nio/file/Files$2 done
Event: 0.358 loading class sun/nio/fs/WindowsPath$WindowsPathWithAttributes
Event: 0.358 loading class sun/nio/fs/BasicFileAttributesHolder
Event: 0.358 loading class sun/nio/fs/BasicFileAttributesHolder done
Event: 0.358 loading class sun/nio/fs/WindowsPath$WindowsPathWithAttributes done
Event: 0.364 Executing VM operation: G1CollectForAllocation
Event: 0.368 Executing VM operation: G1CollectForAllocation done
Event: 0.372 Thread 0x000001ec70393000 Thread added: 0x000001ec70393000
Event: 0.374 Executing VM operation: G1CollectForAllocation
Event: 0.376 Executing VM operation: G1CollectForAllocation done
Event: 0.392 Executing VM operation: G1CollectForAllocation
Event: 0.393 Executing VM operation: G1CollectForAllocation done
Event: 0.399 Executing VM operation: G1CollectForAllocation


Dynamic libraries:
0x00007ff6f47b0000 - 0x00007ff6f47b7000 	C:\Program Files\Java\jdk-14.0.2\bin\javac.exe
0x00007ff8f12c0000 - 0x00007ff8f14b0000 	C:\WINDOWS\SYSTEM32\ntdll.dll
0x00007ff8f0810000 - 0x00007ff8f08c2000 	C:\WINDOWS\System32\KERNEL32.DLL
0x00007ff8ee2c0000 - 0x00007ff8ee564000 	C:\WINDOWS\System32\KERNELBASE.dll
0x00007ff8ee7f0000 - 0x00007ff8ee8ea000 	C:\WINDOWS\System32\ucrtbase.dll
0x00007ff8e6c30000 - 0x00007ff8e6c45000 	C:\Program Files\Java\jdk-14.0.2\bin\VCRUNTIME140.dll
0x00007ff8ced60000 - 0x00007ff8ced78000 	C:\Program Files\Java\jdk-14.0.2\bin\jli.dll
0x00007ff8f0940000 - 0x00007ff8f09e3000 	C:\WINDOWS\System32\ADVAPI32.dll
0x00007ff8ef440000 - 0x00007ff8ef4de000 	C:\WINDOWS\System32\msvcrt.dll
0x00007ff8f11e0000 - 0x00007ff8f1277000 	C:\WINDOWS\System32\sechost.dll
0x00007ff8f1060000 - 0x00007ff8f1180000 	C:\WINDOWS\System32\RPCRT4.dll
0x00007ff8ef7d0000 - 0x00007ff8ef965000 	C:\WINDOWS\System32\USER32.dll
0x00007ff8ee290000 - 0x00007ff8ee2b1000 	C:\WINDOWS\System32\win32u.dll
0x00007ff8e3c70000 - 0x00007ff8e3ef4000 	C:\WINDOWS\WinSxS\amd64_microsoft.windows.common-controls_6595b64144ccf1df_6.0.18362.1016_none_9e7a36bbe461dae4\COMCTL32.dll
0x00007ff8ef5f0000 - 0x00007ff8ef616000 	C:\WINDOWS\System32\GDI32.dll
0x00007ff8ef970000 - 0x00007ff8efca5000 	C:\WINDOWS\System32\combase.dll
0x00007ff8ee8f0000 - 0x00007ff8eea86000 	C:\WINDOWS\System32\gdi32full.dll
0x00007ff8ee5d0000 - 0x00007ff8ee66e000 	C:\WINDOWS\System32\msvcp_win.dll
0x00007ff8eeab0000 - 0x00007ff8eeb30000 	C:\WINDOWS\System32\bcryptPrimitives.dll
0x00007ff8e54a0000 - 0x00007ff8e54aa000 	C:\WINDOWS\SYSTEM32\VERSION.dll
0x00007ff8ef5c0000 - 0x00007ff8ef5ee000 	C:\WINDOWS\System32\IMM32.DLL
0x00007ff8bb630000 - 0x00007ff8bb6cb000 	C:\Program Files\Java\jdk-14.0.2\bin\msvcp140.dll
0x00007ff8b8420000 - 0x00007ff8b8f3e000 	C:\Program Files\Java\jdk-14.0.2\bin\server\jvm.dll
0x00007ff8ef5a0000 - 0x00007ff8ef5a8000 	C:\WINDOWS\System32\PSAPI.DLL
0x00007ff8df420000 - 0x00007ff8df429000 	C:\WINDOWS\SYSTEM32\WSOCK32.dll
0x00007ff8e41f0000 - 0x00007ff8e4214000 	C:\WINDOWS\SYSTEM32\WINMM.dll
0x00007ff8f08d0000 - 0x00007ff8f093f000 	C:\WINDOWS\System32\WS2_32.dll
0x00007ff8e3fa0000 - 0x00007ff8e3fcd000 	C:\WINDOWS\SYSTEM32\winmmbase.dll
0x00007ff8ee240000 - 0x00007ff8ee28a000 	C:\WINDOWS\System32\cfgmgr32.dll
0x00007ff8ee1f0000 - 0x00007ff8ee201000 	C:\WINDOWS\System32\kernel.appcore.dll
0x00007ff8e8cd0000 - 0x00007ff8e8cda000 	C:\Program Files\Java\jdk-14.0.2\bin\jimage.dll
0x00007ff8eca70000 - 0x00007ff8ecc64000 	C:\WINDOWS\SYSTEM32\DBGHELP.DLL
0x00007ff8e4f90000 - 0x00007ff8e4fba000 	C:\WINDOWS\SYSTEM32\dbgcore.DLL
0x00007ff8d4a90000 - 0x00007ff8d4ab5000 	C:\Program Files\Java\jdk-14.0.2\bin\java.dll
0x00007ff8e6b90000 - 0x00007ff8e6ba6000 	C:\Program Files\Java\jdk-14.0.2\bin\zip.dll
0x00007ff8f0020000 - 0x00007ff8f0707000 	C:\WINDOWS\System32\SHELL32.dll
0x00007ff8ef4f0000 - 0x00007ff8ef599000 	C:\WINDOWS\System32\shcore.dll
0x00007ff8eeb30000 - 0x00007ff8ef2b2000 	C:\WINDOWS\System32\windows.storage.dll
0x00007ff8ee210000 - 0x00007ff8ee233000 	C:\WINDOWS\System32\profapi.dll
0x00007ff8ee180000 - 0x00007ff8ee1ca000 	C:\WINDOWS\System32\powrprof.dll
0x00007ff8ee170000 - 0x00007ff8ee180000 	C:\WINDOWS\System32\UMPDC.dll
0x00007ff8efcb0000 - 0x00007ff8efd02000 	C:\WINDOWS\System32\shlwapi.dll
0x00007ff8eea90000 - 0x00007ff8eeaa7000 	C:\WINDOWS\System32\cryptsp.dll
0x00007ff8e5740000 - 0x00007ff8e5759000 	C:\Program Files\Java\jdk-14.0.2\bin\net.dll
0x00007ff8e86e0000 - 0x00007ff8e87d0000 	C:\WINDOWS\SYSTEM32\WINHTTP.dll
0x00007ff8ed970000 - 0x00007ff8ed9d7000 	C:\WINDOWS\system32\mswsock.dll
0x00007ff8e31f0000 - 0x00007ff8e3202000 	C:\Program Files\Java\jdk-14.0.2\bin\nio.dll

dbghelp: loaded successfully - version: 4.0.5 - missing functions: none
symbol engine: initialized successfully - sym options: 0x614 - pdb path: .;C:\Program Files\Java\jdk-14.0.2\bin;C:\WINDOWS\SYSTEM32;C:\WINDOWS\WinSxS\amd64_microsoft.windows.common-controls_6595b64144ccf1df_6.0.18362.1016_none_9e7a36bbe461dae4;C:\Program Files\Java\jdk-14.0.2\bin\server

VM Arguments:
jvm_args: -Dapplication.home=C:\Program Files\Java\jdk-14.0.2 --add-modules=ALL-DEFAULT -Xms8m -Djdk.module.main=jdk.compiler 
java_command: jdk.compiler/com.sun.tools.javac.Main -d C:\Users\ESTEBAN\Documents\NetBeansProjects\Guia3\build\classes -classpath C:\Users\ESTEBAN\Documents\NetBeansProjects\Guia3\build\classes -sourcepath C:\Users\ESTEBAN\Documents\NetBeansProjects\Guia3\src -target 14 -encoding UTF-8 -g -processorpath C:\Users\ESTEBAN\Documents\NetBeansProjects\Guia3\build\empty -s C:\Users\ESTEBAN\Documents\NetBeansProjects\Guia3\build\generated-sources\ap-source-output -source 14 C:\Users\ESTEBAN\Documents\NetBeansProjects\Guia3\src\guia3\Guia3.java
java_class_path (initial): <not set>
Launcher Type: SUN_STANDARD

[Global flags]
     intx CICompilerCount                          = 4                                         {product} {ergonomic}
     uint ConcGCThreads                            = 2                                         {product} {ergonomic}
     uint G1ConcRefinementThreads                  = 8                                         {product} {ergonomic}
   size_t G1HeapRegionSize                         = 1048576                                   {product} {ergonomic}
    uintx GCDrainStackTargetSize                   = 64                                        {product} {ergonomic}
   size_t InitialHeapSize                          = 8388608                                   {product} {command line}
   size_t MarkStackSize                            = 4194304                                   {product} {ergonomic}
   size_t MaxHeapSize                              = 2122317824                                {product} {ergonomic}
   size_t MaxNewSize                               = 1272971264                                {product} {ergonomic}
   size_t MinHeapDeltaBytes                        = 1048576                                   {product} {ergonomic}
   size_t MinHeapSize                              = 8388608                                   {product} {command line}
    uintx NonNMethodCodeHeapSize                   = 5839372                                {pd product} {ergonomic}
    uintx NonProfiledCodeHeapSize                  = 122909434                              {pd product} {ergonomic}
    uintx ProfiledCodeHeapSize                     = 122909434                              {pd product} {ergonomic}
    uintx ReservedCodeCacheSize                    = 251658240                              {pd product} {ergonomic}
     bool SegmentedCodeCache                       = true                                      {product} {ergonomic}
   size_t SoftMaxHeapSize                          = 2122317824                             {manageable} {ergonomic}
     bool UseCompressedClassPointers               = true                                 {lp64_product} {ergonomic}
     bool UseCompressedOops                        = true                                 {lp64_product} {ergonomic}
     bool UseG1GC                                  = true                                      {product} {ergonomic}
     bool UseLargePagesIndividualAllocation        = false                                  {pd product} {ergonomic}

Logging:
Log output configuration:
 #0: stdout all=warning uptime,level,tags
 #1: stderr all=off uptime,level,tags

Environment Variables:
PATH=C:\WINDOWS\system32;C:\WINDOWS;C:\WINDOWS\System32\Wbem;C:\WINDOWS\System32\WindowsPowerShell\v1.0\;C:\Program Files (x86)\Intel\Intel(R) Management Engine Components\DAL;C:\Program Files\Intel\Intel(R) Management Engine Components\DAL;C:\WINDOWS\System32\OpenSSH\;C:\Users\ESTEBAN\AppData\Local\Microsoft\WindowsApps;C:\Users\ESTEBAN\AppData\Local\GitHubDesktop\bin
USERNAME=ESTEBAN
OS=Windows_NT
PROCESSOR_IDENTIFIER=Intel64 Family 6 Model 142 Stepping 10, GenuineIntel



---------------  S Y S T E M  ---------------

OS: Windows 10 , 64 bit Build 18362 (10.0.18362.959)
OS uptime: 0 days 14:49 hours

CPU:total 8 (initial active 8) (4 cores per cpu, 2 threads per core) family 6 model 142 stepping 10, cmov, cx8, fxsr, mmx, sse, sse2, sse3, ssse3, sse4.1, sse4.2, popcnt, avx, avx2, aes, clmul, erms, 3dnowpref, lzcnt, ht, tsc, tscinvbit, bmi1, bmi2, adx, fma

Memory: 4k page, system-wide physical 8089M (1725M free)
TotalPageFile size 8089M (AvailPageFile size 7M)
current process WorkingSet (physical memory assigned to process): 64M, peak: 65M
current process commit charge ("private bytes"): 107M, peak: 113M

vm_info: Java HotSpot(TM) 64-Bit Server VM (14.0.2+12-46) for windows-amd64 JRE (14.0.2+12-46), built on Jul  9 2020 00:35:52 by "mach5one" with MS VC++ 15.9 (VS2017)

END.
